SF:lib/models/data_types.dart
DA:1,2
DA:15,0
DA:17,0
DA:19,0
DA:21,0
DA:23,0
DA:25,0
DA:27,0
DA:29,0
DA:31,0
DA:33,0
DA:38,1
DA:39,3
DA:42,1
DA:44,5
DA:46,0
LF:16
LH:5
end_of_record
SF:lib/models/generic_data_model.dart
DA:12,0
DA:21,1
DA:22,1
DA:23,6
DA:27,1
DA:28,2
DA:29,1
DA:30,2
DA:31,3
DA:32,3
DA:35,0
DA:36,0
DA:37,0
DA:38,0
DA:39,0
DA:42,1
DA:44,1
DA:45,0
DA:46,1
DA:47,1
DA:48,1
DA:49,0
DA:50,1
DA:51,0
DA:52,1
DA:53,0
DA:54,1
DA:55,1
DA:56,1
DA:57,0
DA:58,1
DA:59,1
DA:67,1
DA:68,1
DA:70,1
DA:72,2
DA:73,1
DA:74,1
DA:75,2
DA:76,2
DA:80,3
LF:41
LH:30
end_of_record
SF:lib/models/pointer.g.dart
DA:9,2
DA:10,3
DA:11,2
DA:13,2
DA:14,2
DA:15,1
LF:6
LH:6
end_of_record
SF:lib/models/pointer.dart
DA:9,1
DA:13,0
DA:14,0
DA:15,0
DA:19,2
DA:20,2
LF:6
LH:3
end_of_record
SF:lib/models/attributes/author_attributes.dart
DA:8,1
DA:21,2
DA:23,1
DA:24,1
LF:4
LH:4
end_of_record
SF:lib/models/attributes/author_attributes.g.dart
DA:9,1
DA:10,1
DA:11,2
DA:12,2
DA:13,2
DA:14,2
DA:16,1
DA:17,1
DA:18,1
DA:19,1
DA:20,1
DA:21,1
LF:12
LH:12
end_of_record
SF:lib/models/attributes/book_attributes.dart
DA:8,1
DA:15,2
DA:17,1
DA:18,1
LF:4
LH:4
end_of_record
SF:lib/models/attributes/book_attributes.g.dart
DA:9,1
DA:10,1
DA:11,2
DA:12,2
DA:13,2
DA:15,1
DA:16,1
DA:17,1
DA:18,1
DA:19,1
LF:10
LH:10
end_of_record
SF:lib/models/attributes/chapter_attributes.dart
DA:8,1
DA:13,2
DA:15,1
DA:16,1
LF:4
LH:4
end_of_record
SF:lib/models/attributes/chapter_attributes.g.dart
DA:9,1
DA:10,1
DA:11,2
DA:12,2
DA:14,1
DA:15,1
DA:16,1
DA:17,1
LF:8
LH:8
end_of_record
SF:lib/models/attributes/country_attributes.dart
DA:8,1
DA:12,2
DA:14,1
DA:15,1
LF:4
LH:4
end_of_record
SF:lib/models/attributes/country_attributes.g.dart
DA:9,1
DA:10,3
DA:12,1
DA:13,1
DA:14,1
LF:5
LH:5
end_of_record
SF:lib/models/attributes/photo_attributes.g.dart
DA:9,1
DA:10,1
DA:11,2
DA:12,2
DA:14,1
DA:15,1
DA:16,1
DA:17,1
LF:8
LH:8
end_of_record
SF:lib/models/attributes/photo_attributes.dart
DA:8,1
DA:13,2
DA:15,1
DA:16,1
LF:4
LH:4
end_of_record
SF:lib/models/attributes/series_attributes.g.dart
DA:9,1
DA:10,3
DA:12,1
DA:13,1
DA:14,1
LF:5
LH:5
end_of_record
SF:lib/models/attributes/series_attributes.dart
DA:8,1
DA:12,2
DA:14,1
DA:15,1
LF:4
LH:4
end_of_record
SF:lib/models/attributes/store_attributes.g.dart
DA:9,1
DA:10,1
DA:11,2
DA:12,2
DA:13,2
DA:15,1
DA:16,1
DA:17,1
DA:18,1
DA:19,1
LF:10
LH:10
end_of_record
SF:lib/models/attributes/store_attributes.dart
DA:8,1
DA:15,2
DA:17,1
DA:18,1
LF:4
LH:4
end_of_record
